【登录信息】
*cbd0dd4842970d364354213f01598215*
`登陆天数: 15天 / 1049天
等级: 125
石头: 1662
呼符: 8
体力: 322657.31666666665 / 137
友情点: 0 / 796890`
*連続ログイン1日目
※ログインが途切れるか、7日到達すると
1日目から再開されます*
`英霊結晶・星のフォウくん X 1
フレンドポイント X 2000
10月交換券(2025) X 1
`_2025-10-04 19:38:19_
--------
*e81f3096e979193857611ddecaa583a7*
`登陆天数: 15天 / 1128天
等级: 125
石头: 443
呼符: 8
体力: 322656.3466666667 / 137
友情点: 0 / 809515`
*連続ログイン1日目
※ログインが途切れるか、7日到達すると
1日目から再開されます*
`英霊結晶・星のフォウくん X 1
フレンドポイント X 2000
10月交換券(2025) X 1
`_2025-10-04 19:38:36_
--------
