【登录信息】
*61ab685b4e24246f94e09ffaf76ffe56*
`登陆天数: 1天 / 1105天
等级: 125
石头: 1635
呼符: 8
体力: 288259.4633333333 / 137
友情点: 0 / 914125`
*連続ログイン1日目
※ログインが途切れるか、7日到達すると
1日目から再開されます*
`英霊結晶・星のフォウくん X 1
フレンドポイント X 2000
8月交換券(2025) X 1
`_2025-08-05 04:04:42_
--------
*ad606051f04e4a859e3b1aadb7c4f5e7*
`登陆天数: 1天 / 999天
等级: 125
石头: 1749
呼符: 23
体力: 305191.86333333334 / 137
友情点: 0 / 783095`
*連続ログイン1日目
※ログインが途切れるか、7日到達すると
1日目から再開されます*
`英霊結晶・星のフォウくん X 1
フレンドポイント X 2000
8月交換券(2025) X 1
`_2025-08-05 04:04:54_
--------
*cbd0dd4842970d364354213f01598215*
`登陆天数: 1天 / 989天
等级: 125
石头: 1662
呼符: 8
体力: 305190.68333333335 / 137
友情点: 0 / 796890`
*連続ログイン1日目
※ログインが途切れるか、7日到達すると
1日目から再開されます*
`英霊結晶・星のフォウくん X 1
フレンドポイント X 2000
8月交換券(2025) X 1
`_2025-08-05 04:05:06_
--------
*016da9a7386d7141f3ea3b887e5d3450*
`登陆天数: 1天 / 1473天
等级: 125
石头: 1751
呼符: 9
体力: 275338.30666666664 / 137
友情点: 0 / 1148530`
*連続ログイン1日目
※ログインが途切れるか、7日到達すると
1日目から再開されます*
`英霊結晶・星のフォウくん X 1
フレンドポイント X 2000
8月交換券(2025) X 1
`_2025-08-05 04:05:18_
--------
*c4ca4238a0b923820dcc509a6f75849b*
`登陆天数: 1天 / 1019天
等级: 125
石头: 1891
呼符: 8
体力: 288800.4766666667 / 137
友情点: 0 / 709375`
*連続ログイン1日目
※ログインが途切れるか、7日到達すると
1日目から再開されます*
`英霊結晶・星のフォウくん X 1
フレンドポイント X 2000
8月交換券(2025) X 1
`_2025-08-05 04:05:29_
--------
*e81f3096e979193857611ddecaa583a7*
`登陆天数: 1天 / 1068天
等级: 125
石头: 443
呼符: 8
体力: 305189.7766666667 / 137
友情点: 0 / 809515`
*連続ログイン1日目
※ログインが途切れるか、7日到達すると
1日目から再開されます*
`英霊結晶・星のフォウくん X 1
フレンドポイント X 2000
8月交換券(2025) X 1
`_2025-08-05 04:05:42_
--------
*9b58d3985bef845c48d627d133817729*
`登陆天数: 1天 / 1122天
等级: 125
石头: 2428
呼符: 8
体力: 281900.5266666667 / 137
友情点: 0 / 992695`
*連続ログイン1日目
※ログインが途切れるか、7日到達すると
1日目から再開されます*
`英霊結晶・星のフォウくん X 1
フレンドポイント X 2000
8月交換券(2025) X 1
`_2025-08-05 04:05:54_
--------
