【登录信息】
*cbd0dd4842970d364354213f01598215*
`登陆天数: 29天 / 1017天
等级: 125
石头: 1662
呼符: 8
体力: 313153.4766666667 / 137
友情点: 0 / 796890`
*連続ログイン1日目
※ログインが途切れるか、7日到達すると
1日目から再開されます*
`英霊結晶・星のフォウくん X 1
フレンドポイント X 2000
9月交換券(2025) X 1
`_2025-09-01 19:39:07_
--------
*e81f3096e979193857611ddecaa583a7*
`登陆天数: 29天 / 1096天
等级: 125
石头: 443
呼符: 8
体力: 313152.50333333336 / 137
友情点: 0 / 809515`
*連続ログイン1日目
※ログインが途切れるか、7日到達すると
1日目から再開されます*
`英霊結晶・星のフォウくん X 1
フレンドポイント X 2000
9月交換券(2025) X 1
`_2025-09-01 19:39:23_
--------
